<?xml version="1.0" encoding="UTF-8"?>
<!-- Generated by org.testng.reporters.JUnitXMLReporter -->
<testsuite hostname="hojhas-MacBook-Pro.local" name="Surefire test" tests="4" failures="0" timestamp="16 Jul 2016 13:48:28 GMT" time="14.654" errors="0">
  <testcase name="googleButterExample" time="6.874" classname="com.masteringselenium.BasicTestWD"/>
  <testcase name="googleCheezeExample" time="2.551" classname="com.masteringselenium.BasicTestWD"/>
  <testcase name="googleClickHindiExample" time="3.229" classname="com.masteringselenium.BasicTestWD"/>
  <testcase name="googleMilkExample" time="1.955" classname="com.masteringselenium.BasicTestWD"/>
</testsuite> <!-- Surefire test -->
