<?xml version="1.0" encoding="UTF-8"?>
<!-- Generated by org.testng.reporters.JUnitXMLReporter -->
<testsuite hostname="hojhas-MacBook-Pro.local" name="Surefire test" tests="4" failures="0" timestamp="16 Jul 2016 13:40:09 GMT" time="21.334" errors="0">
  <testcase name="googleButterExample" time="11.557" classname="com.masteringselenium.BasicTestWD"/>
  <testcase name="googleCheezeExample" time="2.894" classname="com.masteringselenium.BasicTestWD"/>
  <testcase name="googleClickHindiExample" time="4.189" classname="com.masteringselenium.BasicTestWD"/>
  <testcase name="googleMilkExample" time="2.501" classname="com.masteringselenium.BasicTestWD"/>
</testsuite> <!-- Surefire test -->
